<?xml version="1.0" encoding="UTF-8"?>
<testng-results ignored="0" total="1" passed="1" failed="0" skipped="0">
  <reporter-output>
  </reporter-output>
  <suite started-at="2022-08-17T01:48:19 BRT" name="Surefire suite" finished-at="2022-08-17T01:48:20 BRT" duration-ms="1271">
    <groups>
    </groups>
    <test started-at="2022-08-17T01:48:19 BRT" name="Surefire test" finished-at="2022-08-17T01:48:20 BRT" duration-ms="1271">
      <class name="com.adobe.aem.guides.wknd.core.dao.ClientDaoTest">
        <test-method signature="search()[pri:0, instance:com.adobe.aem.guides.wknd.core.dao.ClientDaoTest@1af2d44a]" started-at="2022-08-17T01:48:19 BRT" name="search" finished-at="2022-08-17T01:48:20 BRT" duration-ms="1169" status="PASS">
          <reporter-output>
          </reporter-output>
        </test-method> <!-- search -->
      </class> <!-- com.adobe.aem.guides.wknd.core.dao.ClientDaoTest -->
    </test> <!-- Surefire test -->
  </suite> <!-- Surefire suite -->
</testng-results>
